<?xml version="1.0" encoding="UTF-8"?>
<!-- Generated by org.testng.reporters.JUnitReportReporter -->
<testsuite hostname="EBJ4468" name="com.test.TestA" tests="1" failures="0" timestamp="30 Jun 2016 03:32:54 GMT" time="0.003" errors="0">
  <testcase name="test" time="0.003" classname="com.test.TestA"/>
</testsuite> <!-- com.test.TestA -->
