<?xml version="1.0" encoding="UTF-8"?>
<!-- Generated by org.testng.reporters.JUnitReportReporter -->
<testsuite hostname="EBJ4468" name="Appium.elongTest.AppTest" tests="1" failures="0" timestamp="10 Aug 2016 08:12:35 GMT" time="66.448" errors="0">
  <testcase name="testApp" time="66.448" classname="Appium.elongTest.AppTest"/>
</testsuite> <!-- Appium.elongTest.AppTest -->
