<?xml version="1.0" encoding="UTF-8"?>
<!-- Generated by org.testng.reporters.JUnitReportReporter -->
<testsuite hostname="EBJ4468" name="Appium.elongTest.H5Test" tests="1" failures="0" timestamp="10 Aug 2016 02:06:37 GMT" time="43.094" errors="0">
  <testcase name="testH5" time="43.094" classname="Appium.elongTest.H5Test"/>
</testsuite> <!-- Appium.elongTest.H5Test -->
