<?xml version="1.0" encoding="UTF-8"?>
<!-- Generated by org.testng.reporters.JUnitReportReporter -->
<testsuite hostname="EBJ4468" name="Appium.elongTest.AppTest" tests="1" failures="0" timestamp="6 Jul 2016 10:02:56 GMT" time="5.087" errors="0">
  <testcase name="testApp" time="5.087" classname="Appium.elongTest.AppTest"/>
</testsuite> <!-- Appium.elongTest.AppTest -->
