<?xml version="1.0" encoding="UTF-8"?>
<!-- Generated by org.testng.reporters.JUnitReportReporter -->
<testsuite hostname="EBJ4468" name="Appium.elongTest.AppTest" tests="1" failures="0" timestamp="12 Jul 2016 06:37:12 GMT" time="5.053" errors="0">
  <testcase name="testApp" time="5.053" classname="Appium.elongTest.AppTest"/>
</testsuite> <!-- Appium.elongTest.AppTest -->
