<?xml version="1.0" encoding="UTF-8"?>
<!-- Generated by org.testng.reporters.JUnitReportReporter -->
<testsuite hostname="EBJ4468" name="Appium.elongTest.AppTest" tests="1" failures="0" timestamp="28 Feb 2017 06:43:53 GMT" time="113.673" errors="0">
  <testcase name="testApp" time="113.673" classname="Appium.elongTest.AppTest"/>
</testsuite> <!-- Appium.elongTest.AppTest -->
